<?xml version="1.0" encoding="UTF-8"?>
<testng-results ignored="0" total="12" passed="12" failed="0" skipped="0">
  <reporter-output>
  </reporter-output>
  <suite started-at="2025-07-10T17:54:04 IST" name="All Test Suite" finished-at="2025-07-10T17:55:08 IST" duration-ms="64090">
    <groups>
    </groups>
    <test started-at="2025-07-10T17:54:04 IST" name="ChromeTest" finished-at="2025-07-10T17:54:23 IST" duration-ms="18731">
      <class name="Tests.AmazonHomeTest">
        <test-method is-config="true" signature="setup(java.lang.String)[pri:0, instance:Tests.AmazonHomeTest@ebaa6cb]" started-at="2025-07-10T17:54:04 IST" name="setup" finished-at="2025-07-10T17:54:08 IST" duration-ms="3599" status="PASS">
          <params>
            <param index="0">
              <value>
                <![CDATA[chrome:false]]>
              </value>
            </param>
          </params>
          <reporter-output>
          </reporter-output>
        </test-method> <!-- setup -->
        <test-method is-config="true" signature="setUpPageObjects()[pri:0, instance:Tests.AmazonHomeTest@ebaa6cb]" started-at="2025-07-10T17:54:08 IST" name="setUpPageObjects" finished-at="2025-07-10T17:54:08 IST" duration-ms="48" status="PASS">
          <reporter-output>
          </reporter-output>
        </test-method> <!-- setUpPageObjects -->
        <test-method signature="AmazonSearch()[pri:0, instance:Tests.AmazonHomeTest@ebaa6cb]" started-at="2025-07-10T17:54:08 IST" name="AmazonSearch" description="Click on the search field and search the product" finished-at="2025-07-10T17:54:10 IST" duration-ms="1858" status="PASS">
          <reporter-output>
          </reporter-output>
        </test-method> <!-- AmazonSearch -->
        <test-method is-config="true" signature="tearDown()[pri:0, instance:Tests.AmazonHomeTest@ebaa6cb]" started-at="2025-07-10T17:54:10 IST" name="tearDown" finished-at="2025-07-10T17:54:10 IST" duration-ms="128" status="PASS">
          <reporter-output>
          </reporter-output>
        </test-method> <!-- tearDown -->
        <test-method is-config="true" signature="setup(java.lang.String)[pri:0, instance:Tests.AmazonHomeTest@ebaa6cb]" started-at="2025-07-10T17:54:10 IST" name="setup" finished-at="2025-07-10T17:54:11 IST" duration-ms="1020" status="PASS">
          <params>
            <param index="0">
              <value>
                <![CDATA[chrome:false]]>
              </value>
            </param>
          </params>
          <reporter-output>
          </reporter-output>
        </test-method> <!-- setup -->
        <test-method is-config="true" signature="setUpPageObjects()[pri:0, instance:Tests.AmazonHomeTest@ebaa6cb]" started-at="2025-07-10T17:54:11 IST" name="setUpPageObjects" finished-at="2025-07-10T17:54:11 IST" duration-ms="2" status="PASS">
          <reporter-output>
          </reporter-output>
        </test-method> <!-- setUpPageObjects -->
        <test-method signature="addToCartNavigation()[pri:0, instance:Tests.AmazonHomeTest@ebaa6cb]" started-at="2025-07-10T17:54:11 IST" name="addToCartNavigation" description="Navigation to add to cart button" finished-at="2025-07-10T17:54:14 IST" duration-ms="2764" status="PASS">
          <reporter-output>
          </reporter-output>
        </test-method> <!-- addToCartNavigation -->
        <test-method is-config="true" signature="tearDown()[pri:0, instance:Tests.AmazonHomeTest@ebaa6cb]" started-at="2025-07-10T17:54:14 IST" name="tearDown" finished-at="2025-07-10T17:54:14 IST" duration-ms="110" status="PASS">
          <reporter-output>
          </reporter-output>
        </test-method> <!-- tearDown -->
        <test-method is-config="true" signature="setup(java.lang.String)[pri:0, instance:Tests.AmazonHomeTest@ebaa6cb]" started-at="2025-07-10T17:54:14 IST" name="setup" finished-at="2025-07-10T17:54:17 IST" duration-ms="2954" status="PASS">
          <params>
            <param index="0">
              <value>
                <![CDATA[chrome:false]]>
              </value>
            </param>
          </params>
          <reporter-output>
          </reporter-output>
        </test-method> <!-- setup -->
        <test-method is-config="true" signature="setUpPageObjects()[pri:0, instance:Tests.AmazonHomeTest@ebaa6cb]" started-at="2025-07-10T17:54:17 IST" name="setUpPageObjects" finished-at="2025-07-10T17:54:17 IST" duration-ms="35" status="PASS">
          <reporter-output>
          </reporter-output>
        </test-method> <!-- setUpPageObjects -->
        <test-method signature="navigationToOrdersPage()[pri:0, instance:Tests.AmazonHomeTest@ebaa6cb]" started-at="2025-07-10T17:54:17 IST" name="navigationToOrdersPage" description="Navigation to past orders page" finished-at="2025-07-10T17:54:19 IST" duration-ms="1373" status="PASS">
          <reporter-output>
          </reporter-output>
        </test-method> <!-- navigationToOrdersPage -->
        <test-method is-config="true" signature="tearDown()[pri:0, instance:Tests.AmazonHomeTest@ebaa6cb]" started-at="2025-07-10T17:54:19 IST" name="tearDown" finished-at="2025-07-10T17:54:19 IST" duration-ms="116" status="PASS">
          <reporter-output>
          </reporter-output>
        </test-method> <!-- tearDown -->
        <test-method is-config="true" signature="setup(java.lang.String)[pri:0, instance:Tests.AmazonHomeTest@ebaa6cb]" started-at="2025-07-10T17:54:19 IST" name="setup" finished-at="2025-07-10T17:54:20 IST" duration-ms="927" status="PASS">
          <params>
            <param index="0">
              <value>
                <![CDATA[chrome:false]]>
              </value>
            </param>
          </params>
          <reporter-output>
          </reporter-output>
        </test-method> <!-- setup -->
        <test-method is-config="true" signature="setUpPageObjects()[pri:0, instance:Tests.AmazonHomeTest@ebaa6cb]" started-at="2025-07-10T17:54:20 IST" name="setUpPageObjects" finished-at="2025-07-10T17:54:20 IST" duration-ms="3" status="PASS">
          <reporter-output>
          </reporter-output>
        </test-method> <!-- setUpPageObjects -->
        <test-method signature="scrollTheAmazonPage()[pri:0, instance:Tests.AmazonHomeTest@ebaa6cb]" started-at="2025-07-10T17:54:20 IST" name="scrollTheAmazonPage" description="Scroll the amazon page" finished-at="2025-07-10T17:54:23 IST" duration-ms="2799" status="PASS">
          <reporter-output>
          </reporter-output>
        </test-method> <!-- scrollTheAmazonPage -->
        <test-method is-config="true" signature="tearDown()[pri:0, instance:Tests.AmazonHomeTest@ebaa6cb]" started-at="2025-07-10T17:54:23 IST" name="tearDown" finished-at="2025-07-10T17:54:23 IST" duration-ms="110" status="PASS">
          <reporter-output>
          </reporter-output>
        </test-method> <!-- tearDown -->
      </class> <!-- Tests.AmazonHomeTest -->
    </test> <!-- ChromeTest -->
    <test started-at="2025-07-10T17:54:23 IST" name="FirefoxTest" finished-at="2025-07-10T17:54:46 IST" duration-ms="23185">
      <class name="Tests.AmazonHomeTest">
        <test-method is-config="true" signature="setup(java.lang.String)[pri:0, instance:Tests.AmazonHomeTest@60957c0f]" started-at="2025-07-10T17:54:23 IST" name="setup" finished-at="2025-07-10T17:54:29 IST" duration-ms="6086" status="PASS">
          <params>
            <param index="0">
              <value>
                <![CDATA[firefox:false]]>
              </value>
            </param>
          </params>
          <reporter-output>
          </reporter-output>
        </test-method> <!-- setup -->
        <test-method is-config="true" signature="setUpPageObjects()[pri:0, instance:Tests.AmazonHomeTest@60957c0f]" started-at="2025-07-10T17:54:29 IST" name="setUpPageObjects" finished-at="2025-07-10T17:54:29 IST" duration-ms="2" status="PASS">
          <reporter-output>
          </reporter-output>
        </test-method> <!-- setUpPageObjects -->
        <test-method signature="AmazonSearch()[pri:0, instance:Tests.AmazonHomeTest@60957c0f]" started-at="2025-07-10T17:54:29 IST" name="AmazonSearch" description="Click on the search field and search the product" finished-at="2025-07-10T17:54:31 IST" duration-ms="1440" status="PASS">
          <reporter-output>
          </reporter-output>
        </test-method> <!-- AmazonSearch -->
        <test-method is-config="true" signature="tearDown()[pri:0, instance:Tests.AmazonHomeTest@60957c0f]" started-at="2025-07-10T17:54:31 IST" name="tearDown" finished-at="2025-07-10T17:54:32 IST" duration-ms="1180" status="PASS">
          <reporter-output>
          </reporter-output>
        </test-method> <!-- tearDown -->
        <test-method is-config="true" signature="setup(java.lang.String)[pri:0, instance:Tests.AmazonHomeTest@60957c0f]" started-at="2025-07-10T17:54:32 IST" name="setup" finished-at="2025-07-10T17:54:35 IST" duration-ms="2857" status="PASS">
          <params>
            <param index="0">
              <value>
                <![CDATA[firefox:false]]>
              </value>
            </param>
          </params>
          <reporter-output>
          </reporter-output>
        </test-method> <!-- setup -->
        <test-method is-config="true" signature="setUpPageObjects()[pri:0, instance:Tests.AmazonHomeTest@60957c0f]" started-at="2025-07-10T17:54:35 IST" name="setUpPageObjects" finished-at="2025-07-10T17:54:35 IST" duration-ms="1" status="PASS">
          <reporter-output>
          </reporter-output>
        </test-method> <!-- setUpPageObjects -->
        <test-method signature="addToCartNavigation()[pri:0, instance:Tests.AmazonHomeTest@60957c0f]" started-at="2025-07-10T17:54:35 IST" name="addToCartNavigation" description="Navigation to add to cart button" finished-at="2025-07-10T17:54:36 IST" duration-ms="1240" status="PASS">
          <reporter-output>
          </reporter-output>
        </test-method> <!-- addToCartNavigation -->
        <test-method is-config="true" signature="tearDown()[pri:0, instance:Tests.AmazonHomeTest@60957c0f]" started-at="2025-07-10T17:54:36 IST" name="tearDown" finished-at="2025-07-10T17:54:36 IST" duration-ms="417" status="PASS">
          <reporter-output>
          </reporter-output>
        </test-method> <!-- tearDown -->
        <test-method is-config="true" signature="setup(java.lang.String)[pri:0, instance:Tests.AmazonHomeTest@60957c0f]" started-at="2025-07-10T17:54:36 IST" name="setup" finished-at="2025-07-10T17:54:40 IST" duration-ms="3145" status="PASS">
          <params>
            <param index="0">
              <value>
                <![CDATA[firefox:false]]>
              </value>
            </param>
          </params>
          <reporter-output>
          </reporter-output>
        </test-method> <!-- setup -->
        <test-method is-config="true" signature="setUpPageObjects()[pri:0, instance:Tests.AmazonHomeTest@60957c0f]" started-at="2025-07-10T17:54:40 IST" name="setUpPageObjects" finished-at="2025-07-10T17:54:40 IST" duration-ms="1" status="PASS">
          <reporter-output>
          </reporter-output>
        </test-method> <!-- setUpPageObjects -->
        <test-method signature="navigationToOrdersPage()[pri:0, instance:Tests.AmazonHomeTest@60957c0f]" started-at="2025-07-10T17:54:40 IST" name="navigationToOrdersPage" description="Navigation to past orders page" finished-at="2025-07-10T17:54:41 IST" duration-ms="1492" status="PASS">
          <reporter-output>
          </reporter-output>
        </test-method> <!-- navigationToOrdersPage -->
        <test-method is-config="true" signature="tearDown()[pri:0, instance:Tests.AmazonHomeTest@60957c0f]" started-at="2025-07-10T17:54:41 IST" name="tearDown" finished-at="2025-07-10T17:54:42 IST" duration-ms="620" status="PASS">
          <reporter-output>
          </reporter-output>
        </test-method> <!-- tearDown -->
        <test-method is-config="true" signature="setup(java.lang.String)[pri:0, instance:Tests.AmazonHomeTest@60957c0f]" started-at="2025-07-10T17:54:42 IST" name="setup" finished-at="2025-07-10T17:54:45 IST" duration-ms="3141" status="PASS">
          <params>
            <param index="0">
              <value>
                <![CDATA[firefox:false]]>
              </value>
            </param>
          </params>
          <reporter-output>
          </reporter-output>
        </test-method> <!-- setup -->
        <test-method is-config="true" signature="setUpPageObjects()[pri:0, instance:Tests.AmazonHomeTest@60957c0f]" started-at="2025-07-10T17:54:45 IST" name="setUpPageObjects" finished-at="2025-07-10T17:54:45 IST" duration-ms="1" status="PASS">
          <reporter-output>
          </reporter-output>
        </test-method> <!-- setUpPageObjects -->
        <test-method signature="scrollTheAmazonPage()[pri:0, instance:Tests.AmazonHomeTest@60957c0f]" started-at="2025-07-10T17:54:45 IST" name="scrollTheAmazonPage" description="Scroll the amazon page" finished-at="2025-07-10T17:54:46 IST" duration-ms="916" status="PASS">
          <reporter-output>
          </reporter-output>
        </test-method> <!-- scrollTheAmazonPage -->
        <test-method is-config="true" signature="tearDown()[pri:0, instance:Tests.AmazonHomeTest@60957c0f]" started-at="2025-07-10T17:54:46 IST" name="tearDown" finished-at="2025-07-10T17:54:46 IST" duration-ms="425" status="PASS">
          <reporter-output>
          </reporter-output>
        </test-method> <!-- tearDown -->
      </class> <!-- Tests.AmazonHomeTest -->
    </test> <!-- FirefoxTest -->
    <test started-at="2025-07-10T17:54:46 IST" name="EdgeTest" finished-at="2025-07-10T17:55:08 IST" duration-ms="22006">
      <class name="Tests.AmazonHomeTest">
        <test-method is-config="true" signature="setup(java.lang.String)[pri:0, instance:Tests.AmazonHomeTest@2cc3ad05]" started-at="2025-07-10T17:54:46 IST" name="setup" finished-at="2025-07-10T17:54:52 IST" duration-ms="5363" status="PASS">
          <params>
            <param index="0">
              <value>
                <![CDATA[edge:false]]>
              </value>
            </param>
          </params>
          <reporter-output>
          </reporter-output>
        </test-method> <!-- setup -->
        <test-method is-config="true" signature="setUpPageObjects()[pri:0, instance:Tests.AmazonHomeTest@2cc3ad05]" started-at="2025-07-10T17:54:52 IST" name="setUpPageObjects" finished-at="2025-07-10T17:54:52 IST" duration-ms="2" status="PASS">
          <reporter-output>
          </reporter-output>
        </test-method> <!-- setUpPageObjects -->
        <test-method signature="AmazonSearch()[pri:0, instance:Tests.AmazonHomeTest@2cc3ad05]" started-at="2025-07-10T17:54:52 IST" name="AmazonSearch" description="Click on the search field and search the product" finished-at="2025-07-10T17:54:54 IST" duration-ms="1854" status="PASS">
          <reporter-output>
          </reporter-output>
        </test-method> <!-- AmazonSearch -->
        <test-method is-config="true" signature="tearDown()[pri:0, instance:Tests.AmazonHomeTest@2cc3ad05]" started-at="2025-07-10T17:54:54 IST" name="tearDown" finished-at="2025-07-10T17:54:54 IST" duration-ms="114" status="PASS">
          <reporter-output>
          </reporter-output>
        </test-method> <!-- tearDown -->
        <test-method is-config="true" signature="setup(java.lang.String)[pri:0, instance:Tests.AmazonHomeTest@2cc3ad05]" started-at="2025-07-10T17:54:54 IST" name="setup" finished-at="2025-07-10T17:54:57 IST" duration-ms="3083" status="PASS">
          <params>
            <param index="0">
              <value>
                <![CDATA[edge:false]]>
              </value>
            </param>
          </params>
          <reporter-output>
          </reporter-output>
        </test-method> <!-- setup -->
        <test-method is-config="true" signature="setUpPageObjects()[pri:0, instance:Tests.AmazonHomeTest@2cc3ad05]" started-at="2025-07-10T17:54:57 IST" name="setUpPageObjects" finished-at="2025-07-10T17:54:57 IST" duration-ms="2" status="PASS">
          <reporter-output>
          </reporter-output>
        </test-method> <!-- setUpPageObjects -->
        <test-method signature="addToCartNavigation()[pri:0, instance:Tests.AmazonHomeTest@2cc3ad05]" started-at="2025-07-10T17:54:57 IST" name="addToCartNavigation" description="Navigation to add to cart button" finished-at="2025-07-10T17:54:58 IST" duration-ms="911" status="PASS">
          <reporter-output>
          </reporter-output>
        </test-method> <!-- addToCartNavigation -->
        <test-method is-config="true" signature="tearDown()[pri:0, instance:Tests.AmazonHomeTest@2cc3ad05]" started-at="2025-07-10T17:54:58 IST" name="tearDown" finished-at="2025-07-10T17:54:58 IST" duration-ms="125" status="PASS">
          <reporter-output>
          </reporter-output>
        </test-method> <!-- tearDown -->
        <test-method is-config="true" signature="setup(java.lang.String)[pri:0, instance:Tests.AmazonHomeTest@2cc3ad05]" started-at="2025-07-10T17:54:58 IST" name="setup" finished-at="2025-07-10T17:55:01 IST" duration-ms="3193" status="PASS">
          <params>
            <param index="0">
              <value>
                <![CDATA[edge:false]]>
              </value>
            </param>
          </params>
          <reporter-output>
          </reporter-output>
        </test-method> <!-- setup -->
        <test-method is-config="true" signature="setUpPageObjects()[pri:0, instance:Tests.AmazonHomeTest@2cc3ad05]" started-at="2025-07-10T17:55:01 IST" name="setUpPageObjects" finished-at="2025-07-10T17:55:01 IST" duration-ms="1" status="PASS">
          <reporter-output>
          </reporter-output>
        </test-method> <!-- setUpPageObjects -->
        <test-method signature="navigationToOrdersPage()[pri:0, instance:Tests.AmazonHomeTest@2cc3ad05]" started-at="2025-07-10T17:55:01 IST" name="navigationToOrdersPage" description="Navigation to past orders page" finished-at="2025-07-10T17:55:02 IST" duration-ms="1129" status="PASS">
          <reporter-output>
          </reporter-output>
        </test-method> <!-- navigationToOrdersPage -->
        <test-method is-config="true" signature="tearDown()[pri:0, instance:Tests.AmazonHomeTest@2cc3ad05]" started-at="2025-07-10T17:55:02 IST" name="tearDown" finished-at="2025-07-10T17:55:02 IST" duration-ms="113" status="PASS">
          <reporter-output>
          </reporter-output>
        </test-method> <!-- tearDown -->
        <test-method is-config="true" signature="setup(java.lang.String)[pri:0, instance:Tests.AmazonHomeTest@2cc3ad05]" started-at="2025-07-10T17:55:02 IST" name="setup" finished-at="2025-07-10T17:55:07 IST" duration-ms="4727" status="PASS">
          <params>
            <param index="0">
              <value>
                <![CDATA[edge:false]]>
              </value>
            </param>
          </params>
          <reporter-output>
          </reporter-output>
        </test-method> <!-- setup -->
        <test-method is-config="true" signature="setUpPageObjects()[pri:0, instance:Tests.AmazonHomeTest@2cc3ad05]" started-at="2025-07-10T17:55:07 IST" name="setUpPageObjects" finished-at="2025-07-10T17:55:07 IST" duration-ms="1" status="PASS">
          <reporter-output>
          </reporter-output>
        </test-method> <!-- setUpPageObjects -->
        <test-method signature="scrollTheAmazonPage()[pri:0, instance:Tests.AmazonHomeTest@2cc3ad05]" started-at="2025-07-10T17:55:07 IST" name="scrollTheAmazonPage" description="Scroll the amazon page" finished-at="2025-07-10T17:55:08 IST" duration-ms="979" status="PASS">
          <reporter-output>
          </reporter-output>
        </test-method> <!-- scrollTheAmazonPage -->
        <test-method is-config="true" signature="tearDown()[pri:0, instance:Tests.AmazonHomeTest@2cc3ad05]" started-at="2025-07-10T17:55:08 IST" name="tearDown" finished-at="2025-07-10T17:55:08 IST" duration-ms="115" status="PASS">
          <reporter-output>
          </reporter-output>
        </test-method> <!-- tearDown -->
      </class> <!-- Tests.AmazonHomeTest -->
    </test> <!-- EdgeTest -->
  </suite> <!-- All Test Suite -->
</testng-results>
